# JRE version: OpenJDK Runtime Environment Temurin-21.0.12.1+1 (21.0.12.1+1) (build 21.0.12.1+1-LTS)
# Java VM: OpenJDK 64-Bit Server VM Temurin-21.0.12.1+1 (21.0.12.1+1-LTS, mixed mode, sharing, tiered, compressed oops, compressed class ptrs, parallel gc, windows-amd64)
GC Precious Log:
 CardTable entry size: 512
 CPUs: 4 total, 4 available
 Memory: 8107M
 Large Page Support: Disabled
 NUMA Support: Disabled
 Compressed Oops: Enabled (32-bit)
 Alignments: Space 512K, Generation 512K, Heap 2M
 Heap Min Capacity: 100M
 Heap Initial Capacity: 100M
 Heap Max Capacity: 2G
 Pre-touch: Disabled
 Parallel Workers: 4
Heap:
 PSYoungGen      total 1024K, used 704K [0x00000000d5580000, 0x00000000d5800000, 0x0000000100000000)
  eden space 512K, 100% used [0x00000000d5580000,0x00000000d5600000,0x00000000d5600000)
  from space 512K, 37% used [0x00000000d5600000,0x00000000d5630000,0x00000000d5680000)
  to   space 512K, 0% used [0x00000000d5780000,0x00000000d5780000,0x00000000d5800000)
 ParOldGen       total 330752K, used 330513K [0x0000000080000000, 0x0000000094300000, 0x00000000d5580000)
  object space 330752K, 99% used [0x0000000080000000,0x00000000942c4438,0x0000000094300000)
 Metaspace       used 76164K, committed 78016K, reserved 1179648K
  class space    used 8689K, committed 9536K, reserved 1048576K
GC Heap History (20 events):
Event: 436.085 GC heap before
{Heap before GC invocations=697 (full 3):
 PSYoungGen      total 1024K, used 928K [0x00000000d5580000, 0x00000000d5880000, 0x0000000100000000)
  eden space 512K, 100% used [0x00000000d5580000,0x00000000d5600000,0x00000000d5600000)
  from space 512K, 81% used [0x00000000d5600000,0x00000000d5668000,0x00000000d5680000)
  to   space 1024K, 0% used [0x00000000d5780000,0x00000000d5780000,0x00000000d5880000)
 ParOldGen       total 329728K, used 329256K [0x0000000080000000, 0x0000000094200000, 0x00000000d5580000)
  object space 329728K, 99% used [0x0000000080000000,0x000000009418a1f8,0x0000000094200000)
 Metaspace       used 76154K, committed 78016K, reserved 1179648K
  class space    used 8688K, committed 9536K, reserved 1048576K
}
Event: 436.090 GC heap after
{Heap after GC invocations=697 (full 3):
 PSYoungGen      total 1024K, used 224K [0x00000000d5580000, 0x00000000d5800000, 0x0000000100000000)
  eden space 512K, 0% used [0x00000000d5580000,0x00000000d5580000,0x00000000d5600000)
  from space 512K, 43% used [0x00000000d5780000,0x00000000d57b8000,0x00000000d5800000)
  to   space 512K, 0% used [0x00000000d5600000,0x00000000d5600000,0x00000000d5680000)
 ParOldGen       total 329728K, used 329624K [0x0000000080000000, 0x0000000094200000, 0x00000000d5580000)
  object space 329728K, 99% used [0x0000000080000000,0x00000000941e6218,0x0000000094200000)
 Metaspace       used 76154K, committed 78016K, reserved 1179648K
  class space    used 8688K, committed 9536K, reserved 1048576K
}
Event: 436.100 GC heap before
{Heap before GC invocations=698 (full 3):
 PSYoungGen      total 1024K, used 736K [0x00000000d5580000, 0x00000000d5800000, 0x0000000100000000)
  eden space 512K, 100% used [0x00000000d5580000,0x00000000d5600000,0x00000000d5600000)
  from space 512K, 43% used [0x00000000d5780000,0x00000000d57b8000,0x00000000d5800000)
  to   space 512K, 0% used [0x00000000d5600000,0x00000000d5600000,0x00000000d5680000)
 ParOldGen       total 329728K, used 329624K [0x0000000080000000, 0x0000000094200000, 0x00000000d5580000)
  object space 329728K, 99% used [0x0000000080000000,0x00000000941e6218,0x0000000094200000)
 Metaspace       used 76156K, committed 78016K, reserved 1179648K
  class space    used 8688K, committed 9536K, reserved 1048576K
}
Event: 436.104 GC heap after
{Heap after GC invocations=698 (full 3):
 PSYoungGen      total 1024K, used 144K [0x00000000d5580000, 0x00000000d5800000, 0x0000000100000000)
  eden space 512K, 0% used [0x00000000d5580000,0x00000000d5580000,0x00000000d5600000)
  from space 512K, 28% used [0x00000000d5600000,0x00000000d5624010,0x00000000d5680000)
  to   space 512K, 0% used [0x00000000d5780000,0x00000000d5780000,0x00000000d5800000)
 ParOldGen       total 330240K, used 329784K [0x0000000080000000, 0x0000000094280000, 0x00000000d5580000)
  object space 330240K, 99% used [0x0000000080000000,0x000000009420e218,0x0000000094280000)
 Metaspace       used 76156K, committed 78016K, reserved 1179648K
  class space    used 8688K, committed 9536K, reserved 1048576K
}
Event: 436.557 GC heap before
{Heap before GC invocations=699 (full 3):
 PSYoungGen      total 1024K, used 655K [0x00000000d5580000, 0x00000000d5800000, 0x0000000100000000)
  eden space 512K, 99% used [0x00000000d5580000,0x00000000d55fffe0,0x00000000d5600000)
  from space 512K, 28% used [0x00000000d5600000,0x00000000d5624010,0x00000000d5680000)
  to   space 512K, 0% used [0x00000000d5780000,0x00000000d5780000,0x00000000d5800000)
 ParOldGen       total 330240K, used 329784K [0x0000000080000000, 0x0000000094280000, 0x00000000d5580000)
  object space 330240K, 99% used [0x0000000080000000,0x000000009420e218,0x0000000094280000)
 Metaspace       used 76158K, committed 78016K, reserved 1179648K
  class space    used 8688K, committed 9536K, reserved 1048576K
}
Event: 436.560 GC heap after
{Heap after GC invocations=699 (full 3):
 PSYoungGen      total 1024K, used 128K [0x00000000d5580000, 0x00000000d5800000, 0x0000000100000000)
  eden space 512K, 0% used [0x00000000d5580000,0x00000000d5580000,0x00000000d5600000)
  from space 512K, 25% used [0x00000000d5780000,0x00000000d57a0000,0x00000000d5800000)
  to   space 512K, 0% used [0x00000000d5600000,0x00000000d5600000,0x00000000d5680000)
 ParOldGen       total 330240K, used 329828K [0x0000000080000000, 0x0000000094280000, 0x00000000d5580000)
  object space 330240K, 99% used [0x0000000080000000,0x0000000094219228,0x0000000094280000)
 Metaspace       used 76158K, committed 78016K, reserved 1179648K
  class space    used 8688K, committed 9536K, reserved 1048576K
}
Event: 436.581 GC heap before
{Heap before GC invocations=700 (full 3):
 PSYoungGen      total 1024K, used 640K [0x00000000d5580000, 0x00000000d5800000, 0x0000000100000000)
  eden space 512K, 100% used [0x00000000d5580000,0x00000000d5600000,0x00000000d5600000)
  from space 512K, 25% used [0x00000000d5780000,0x00000000d57a0000,0x00000000d5800000)
  to   space 512K, 0% used [0x00000000d5600000,0x00000000d5600000,0x00000000d5680000)
 ParOldGen       total 330240K, used 329828K [0x0000000080000000, 0x0000000094280000, 0x00000000d5580000)
  object space 330240K, 99% used [0x0000000080000000,0x0000000094219228,0x0000000094280000)
 Metaspace       used 76158K, committed 78016K, reserved 1179648K
  class space    used 8688K, committed 9536K, reserved 1048576K
}
Event: 436.584 GC heap after
{Heap after GC invocations=700 (full 3):
 PSYoungGen      total 1024K, used 272K [0x00000000d5580000, 0x00000000d5800000, 0x0000000100000000)
  eden space 512K, 0% used [0x00000000d5580000,0x00000000d5580000,0x00000000d5600000)
  from space 512K, 53% used [0x00000000d5600000,0x00000000d5644010,0x00000000d5680000)
  to   space 512K, 0% used [0x00000000d5780000,0x00000000d5780000,0x00000000d5800000)
 ParOldGen       total 330240K, used 329876K [0x0000000080000000, 0x0000000094280000, 0x00000000d5580000)
  object space 330240K, 99% used [0x0000000080000000,0x0000000094225228,0x0000000094280000)
 Metaspace       used 76158K, committed 78016K, reserved 1179648K
  class space    used 8688K, committed 9536K, reserved 1048576K
}
Event: 436.916 GC heap before
{Heap before GC invocations=701 (full 3):
 PSYoungGen      total 1024K, used 784K [0x00000000d5580000, 0x00000000d5800000, 0x0000000100000000)
  eden space 512K, 100% used [0x00000000d5580000,0x00000000d5600000,0x00000000d5600000)
  from space 512K, 53% used [0x00000000d5600000,0x00000000d5644010,0x00000000d5680000)
  to   space 512K, 0% used [0x00000000d5780000,0x00000000d5780000,0x00000000d5800000)
 ParOldGen       total 330240K, used 329876K [0x0000000080000000, 0x0000000094280000, 0x00000000d5580000)
  object space 330240K, 99% used [0x0000000080000000,0x0000000094225228,0x0000000094280000)
 Metaspace       used 76158K, committed 78016K, reserved 1179648K
  class space    used 8688K, committed 9536K, reserved 1048576K
}
Event: 436.919 GC heap after
{Heap after GC invocations=701 (full 3):
 PSYoungGen      total 1024K, used 128K [0x00000000d5580000, 0x00000000d5800000, 0x0000000100000000)
  eden space 512K, 0% used [0x00000000d5580000,0x00000000d5580000,0x00000000d5600000)
  from space 512K, 25% used [0x00000000d5780000,0x00000000d57a0000,0x00000000d5800000)
  to   space 512K, 0% used [0x00000000d5600000,0x00000000d5600000,0x00000000d5680000)
 ParOldGen       total 330240K, used 330048K [0x0000000080000000, 0x0000000094280000, 0x00000000d5580000)
  object space 330240K, 99% used [0x0000000080000000,0x00000000942502d8,0x0000000094280000)
 Metaspace       used 76158K, committed 78016K, reserved 1179648K
  class space    used 8688K, committed 9536K, reserved 1048576K
}
Event: 437.469 GC heap before
{Heap before GC invocations=702 (full 3):
 PSYoungGen      total 1024K, used 640K [0x00000000d5580000, 0x00000000d5800000, 0x0000000100000000)
  eden space 512K, 100% used [0x00000000d5580000,0x00000000d5600000,0x00000000d5600000)
  from space 512K, 25% used [0x00000000d5780000,0x00000000d57a0000,0x00000000d5800000)
  to   space 512K, 0% used [0x00000000d5600000,0x00000000d5600000,0x00000000d5680000)
 ParOldGen       total 330240K, used 330048K [0x0000000080000000, 0x0000000094280000, 0x00000000d5580000)
  object space 330240K, 99% used [0x0000000080000000,0x00000000942502d8,0x0000000094280000)
 Metaspace       used 76158K, committed 78016K, reserved 1179648K
  class space    used 8688K, committed 9536K, reserved 1048576K
}
Event: 437.474 GC heap after
{Heap after GC invocations=702 (full 3):
 PSYoungGen      total 1024K, used 320K [0x00000000d5580000, 0x00000000d5800000, 0x0000000100000000)
  eden space 512K, 0% used [0x00000000d5580000,0x00000000d5580000,0x00000000d5600000)
  from space 512K, 62% used [0x00000000d5600000,0x00000000d5650020,0x00000000d5680000)
  to   space 512K, 0% used [0x00000000d5780000,0x00000000d5780000,0x00000000d5800000)
 ParOldGen       total 330240K, used 330140K [0x0000000080000000, 0x0000000094280000, 0x00000000d5580000)
  object space 330240K, 99% used [0x0000000080000000,0x00000000942672e8,0x0000000094280000)
 Metaspace       used 76158K, committed 78016K, reserved 1179648K
  class space    used 8688K, committed 9536K, reserved 1048576K
}
Event: 438.048 GC heap before
{Heap before GC invocations=703 (full 3):
 PSYoungGen      total 1024K, used 831K [0x00000000d5580000, 0x00000000d5800000, 0x0000000100000000)
  eden space 512K, 99% used [0x00000000d5580000,0x00000000d55fffa8,0x00000000d5600000)
  from space 512K, 62% used [0x00000000d5600000,0x00000000d5650020,0x00000000d5680000)
  to   space 512K, 0% used [0x00000000d5780000,0x00000000d5780000,0x00000000d5800000)
 ParOldGen       total 330240K, used 330140K [0x0000000080000000, 0x0000000094280000, 0x00000000d5580000)
  object space 330240K, 99% used [0x0000000080000000,0x00000000942672e8,0x0000000094280000)
 Metaspace       used 76158K, committed 78016K, reserved 1179648K
  class space    used 8688K, committed 9536K, reserved 1048576K
}
Event: 438.051 GC heap after
{Heap after GC invocations=703 (full 3):
 PSYoungGen      total 1024K, used 160K [0x00000000d5580000, 0x00000000d5800000, 0x0000000100000000)
  eden space 512K, 0% used [0x00000000d5580000,0x00000000d5580000,0x00000000d5600000)
  from space 512K, 31% used [0x00000000d5780000,0x00000000d57a8000,0x00000000d5800000)
  to   space 512K, 0% used [0x00000000d5600000,0x00000000d5600000,0x00000000d5680000)
 ParOldGen       total 330752K, used 330324K [0x0000000080000000, 0x0000000094300000, 0x00000000d5580000)
  object space 330752K, 99% used [0x0000000080000000,0x00000000942953b8,0x0000000094300000)
 Metaspace       used 76158K, committed 78016K, reserved 1179648K
  class space    used 8688K, committed 9536K, reserved 1048576K
}
Event: 438.066 GC heap before
{Heap before GC invocations=704 (full 3):
 PSYoungGen      total 1024K, used 672K [0x00000000d5580000, 0x00000000d5800000, 0x0000000100000000)
  eden space 512K, 100% used [0x00000000d5580000,0x00000000d5600000,0x00000000d5600000)
  from space 512K, 31% used [0x00000000d5780000,0x00000000d57a8000,0x00000000d5800000)
  to   space 512K, 0% used [0x00000000d5600000,0x00000000d5600000,0x00000000d5680000)
 ParOldGen       total 330752K, used 330324K [0x0000000080000000, 0x0000000094300000, 0x00000000d5580000)
  object space 330752K, 99% used [0x0000000080000000,0x00000000942953b8,0x0000000094300000)
 Metaspace       used 76158K, committed 78016K, reserved 1179648K
  class space    used 8688K, committed 9536K, reserved 1048576K
}
Event: 438.068 GC heap after
{Heap after GC invocations=704 (full 3):
 PSYoungGen      total 1024K, used 128K [0x00000000d5580000, 0x00000000d5800000, 0x0000000100000000)
  eden space 512K, 0% used [0x00000000d5580000,0x00000000d5580000,0x00000000d5600000)
  from space 512K, 25% used [0x00000000d5600000,0x00000000d5620000,0x00000000d5680000)
  to   space 512K, 0% used [0x00000000d5780000,0x00000000d5780000,0x00000000d5800000)
 ParOldGen       total 330752K, used 330388K [0x0000000080000000, 0x0000000094300000, 0x00000000d5580000)
  object space 330752K, 99% used [0x0000000080000000,0x00000000942a53e8,0x0000000094300000)
 Metaspace       used 76158K, committed 78016K, reserved 1179648K
  class space    used 8688K, committed 9536K, reserved 1048576K
}
Event: 438.079 GC heap before
{Heap before GC invocations=705 (full 3):
 PSYoungGen      total 1024K, used 640K [0x00000000d5580000, 0x00000000d5800000, 0x0000000100000000)
  eden space 512K, 100% used [0x00000000d5580000,0x00000000d5600000,0x00000000d5600000)
  from space 512K, 25% used [0x00000000d5600000,0x00000000d5620000,0x00000000d5680000)
  to   space 512K, 0% used [0x00000000d5780000,0x00000000d5780000,0x00000000d5800000)
 ParOldGen       total 330752K, used 330388K [0x0000000080000000, 0x0000000094300000, 0x00000000d5580000)
  object space 330752K, 99% used [0x0000000080000000,0x00000000942a53e8,0x0000000094300000)
 Metaspace       used 76159K, committed 78016K, reserved 1179648K
  class space    used 8688K, committed 9536K, reserved 1048576K
}
Event: 438.082 GC heap after
{Heap after GC invocations=705 (full 3):
 PSYoungGen      total 1024K, used 128K [0x00000000d5580000, 0x00000000d5800000, 0x0000000100000000)
  eden space 512K, 0% used [0x00000000d5580000,0x00000000d5580000,0x00000000d5600000)
  from space 512K, 25% used [0x00000000d5780000,0x00000000d57a0000,0x00000000d5800000)
  to   space 512K, 0% used [0x00000000d5600000,0x00000000d5600000,0x00000000d5680000)
 ParOldGen       total 330752K, used 330457K [0x0000000080000000, 0x0000000094300000, 0x00000000d5580000)
  object space 330752K, 99% used [0x0000000080000000,0x00000000942b6428,0x0000000094300000)
 Metaspace       used 76159K, committed 78016K, reserved 1179648K
  class space    used 8688K, committed 9536K, reserved 1048576K
}
Event: 439.005 GC heap before
{Heap before GC invocations=706 (full 3):
 PSYoungGen      total 1024K, used 640K [0x00000000d5580000, 0x00000000d5800000, 0x0000000100000000)
  eden space 512K, 100% used [0x00000000d5580000,0x00000000d5600000,0x00000000d5600000)
  from space 512K, 25% used [0x00000000d5780000,0x00000000d57a0000,0x00000000d5800000)
  to   space 512K, 0% used [0x00000000d5600000,0x00000000d5600000,0x00000000d5680000)
 ParOldGen       total 330752K, used 330457K [0x0000000080000000, 0x0000000094300000, 0x00000000d5580000)
  object space 330752K, 99% used [0x0000000080000000,0x00000000942b6428,0x0000000094300000)
 Metaspace       used 76164K, committed 78016K, reserved 1179648K
  class space    used 8689K, committed 9536K, reserved 1048576K
}
Event: 439.010 GC heap after
{Heap after GC invocations=706 (full 3):
 PSYoungGen      total 1024K, used 192K [0x00000000d5580000, 0x00000000d5800000, 0x0000000100000000)
  eden space 512K, 0% used [0x00000000d5580000,0x00000000d5580000,0x00000000d5600000)
  from space 512K, 37% used [0x00000000d5600000,0x00000000d5630000,0x00000000d5680000)
  to   space 512K, 0% used [0x00000000d5780000,0x00000000d5780000,0x00000000d5800000)
 ParOldGen       total 330752K, used 330513K [0x0000000080000000, 0x0000000094300000, 0x00000000d5580000)
  object space 330752K, 99% used [0x0000000080000000,0x00000000942c4438,0x0000000094300000)
 Metaspace       used 76164K, committed 78016K, reserved 1179648K
  class space    used 8689K, committed 9536K, reserved 1048576K
}

